[debug] [2022-08-24T17:17:57.065Z] ----------------------------------------------------------------------
[debug] [2022-08-24T17:17:57.069Z] Command:       C:\Program Files\nodejs\node.exe C:\Users\silvester\AppData\Roaming\npm\node_modules\firebase-tools\lib\bin\firebase.js deploy --only hosting
[debug] [2022-08-24T17:17:57.070Z] CLI Version:   11.8.0
[debug] [2022-08-24T17:17:57.071Z] Platform:      win32
[debug] [2022-08-24T17:17:57.071Z] Node Version:  v16.17.0
[debug] [2022-08-24T17:17:57.153Z] Time:          Wed Aug 24 2022 19:17:57 GMT+0200 (South Africa Standard Time)
[debug] [2022-08-24T17:17:57.153Z] ----------------------------------------------------------------------
[debug] 
[debug] [2022-08-24T17:17:57.335Z] > command requires scopes: ["email","openid","https://www.googleapis.com/auth/cloudplatformprojects.readonly","https://www.googleapis.com/auth/firebase","https://www.googleapis.com/auth/cloud-platform"]
[debug] [2022-08-24T17:17:57.336Z] > authorizing via signed-in user (sk.clevers@gmail.com)
[debug] [2022-08-24T17:17:57.336Z] [iam] checking project flutter-web-app-b0f8d for permissions ["firebase.projects.get","firebasehosting.sites.update"]
[debug] [2022-08-24T17:17:57.342Z] >>> [apiv2][query] POST https://cloudresourcemanager.googleapis.com/v1/projects/flutter-web-app-b0f8d:testIamPermissions [none]
[debug] [2022-08-24T17:17:57.343Z] >>> [apiv2][(partial)header] POST https://cloudresourcemanager.googleapis.com/v1/projects/flutter-web-app-b0f8d:testIamPermissions x-goog-quota-user=projects/flutter-web-app-b0f8d
[debug] [2022-08-24T17:17:57.343Z] >>> [apiv2][body] POST https://cloudresourcemanager.googleapis.com/v1/projects/flutter-web-app-b0f8d:testIamPermissions {"permissions":["firebase.projects.get","firebasehosting.sites.update"]}
[debug] [2022-08-24T17:17:59.544Z] <<< [apiv2][status] POST https://cloudresourcemanager.googleapis.com/v1/projects/flutter-web-app-b0f8d:testIamPermissions 200
[debug] [2022-08-24T17:17:59.544Z] <<< [apiv2][body] POST https://cloudresourcemanager.googleapis.com/v1/projects/flutter-web-app-b0f8d:testIamPermissions {"permissions":["firebase.projects.get","firebasehosting.sites.update"]}
[debug] [2022-08-24T17:17:59.546Z] >>> [apiv2][query] GET https://firebase.googleapis.com/v1beta1/projects/flutter-web-app-b0f8d [none]
[debug] [2022-08-24T17:18:00.512Z] <<< [apiv2][status] GET https://firebase.googleapis.com/v1beta1/projects/flutter-web-app-b0f8d 200
[debug] [2022-08-24T17:18:00.513Z] <<< [apiv2][body] GET https://firebase.googleapis.com/v1beta1/projects/flutter-web-app-b0f8d {"projectId":"flutter-web-app-b0f8d","projectNumber":"302298169151","displayName":"flutter-web-app","name":"projects/flutter-web-app-b0f8d","resources":{"hostingSite":"flutter-web-app-b0f8d"},"state":"ACTIVE","etag":"1_c5a0d9ed-32f4-46d0-8047-ee1465c1f2d8"}
[info] 
[info] === Deploying to 'flutter-web-app-b0f8d'...
[info] 
[info] i  deploying hosting 
[debug] [2022-08-24T17:18:00.518Z] >>> [apiv2][query] GET https://firebase.googleapis.com/v1beta1/projects/flutter-web-app-b0f8d [none]
[debug] [2022-08-24T17:18:01.401Z] <<< [apiv2][status] GET https://firebase.googleapis.com/v1beta1/projects/flutter-web-app-b0f8d 200
[debug] [2022-08-24T17:18:01.401Z] <<< [apiv2][body] GET https://firebase.googleapis.com/v1beta1/projects/flutter-web-app-b0f8d {"projectId":"flutter-web-app-b0f8d","projectNumber":"302298169151","displayName":"flutter-web-app","name":"projects/flutter-web-app-b0f8d","resources":{"hostingSite":"flutter-web-app-b0f8d"},"state":"ACTIVE","etag":"1_c5a0d9ed-32f4-46d0-8047-ee1465c1f2d8"}
[debug] [2022-08-24T17:18:01.409Z] >>> [apiv2][query] POST https://firebasehosting.googleapis.com/v1beta1/projects/302298169151/sites/flutter-web-app-b0f8d/versions [none]
[debug] [2022-08-24T17:18:01.409Z] >>> [apiv2][body] POST https://firebasehosting.googleapis.com/v1beta1/projects/302298169151/sites/flutter-web-app-b0f8d/versions {"config":{"rewrites":[{"glob":"**","path":"/index.html"}]},"labels":{"deployment-tool":"cli-firebase"}}
[debug] [2022-08-24T17:18:03.829Z] <<< [apiv2][status] POST https://firebasehosting.googleapis.com/v1beta1/projects/302298169151/sites/flutter-web-app-b0f8d/versions 200
[debug] [2022-08-24T17:18:03.830Z] <<< [apiv2][body] POST https://firebasehosting.googleapis.com/v1beta1/projects/302298169151/sites/flutter-web-app-b0f8d/versions {"name":"projects/302298169151/sites/flutter-web-app-b0f8d/versions/45d3d9c9d5b3b39a","status":"CREATED","config":{"rewrites":[{"glob":"**","path":"/index.html"}]},"labels":{"deployment-tool":"cli-firebase"}}
[info] i  hosting[flutter-web-app-b0f8d]: beginning deploy... 
[info] i  hosting[flutter-web-app-b0f8d]: found 31 files in build/web 
[debug] [2022-08-24T17:18:03.875Z] [hosting] uploading with 200 concurrency
[debug] [2022-08-24T17:18:03.958Z] [hosting] hash cache [YnVpbGRcd2Vi] stored for 31 files
[debug] [2022-08-24T17:18:03.958Z] [hosting][hash queue][FINAL] {"max":66,"min":1,"avg":7.741935483870968,"active":0,"complete":31,"success":31,"errored":0,"retried":0,"total":31,"elapsed":77}
[debug] [2022-08-24T17:18:03.959Z] >>> [apiv2][query] POST https://firebasehosting.googleapis.com/v1beta1/projects/302298169151/sites/flutter-web-app-b0f8d/versions/45d3d9c9d5b3b39a:populateFiles [none]
[debug] [2022-08-24T17:18:03.959Z] >>> [apiv2][body] POST https://firebasehosting.googleapis.com/v1beta1/projects/302298169151/sites/flutter-web-app-b0f8d/versions/45d3d9c9d5b3b39a:populateFiles {"files":{"/favicon.png":"0cab6e3dd5a9f008afdd133e1e1207cf65f2f2a10eb6712e3c209d8a5f76425a","/main.dart.js":"6283e8a7a36274b3fb624ede4cbfaf334770d060362c54ceb1a976f7b38dd101","/manifest.json":"61f9696d13383ed762bdf9fac50a53ece1aee44ae7e5df7046f580499389b766","/assets/assets/images/africa.jpg":"c83221fbe7177889ddead994007e22999e3dd11426afcaebd285cd08f10cf409","/assets/assets/images/animals.jpg":"1978410e493e87a960a3a3576c9d33e7265615c3a12edbfc466e747da394835c","/assets/assets/images/antarctica.jpg":"f11bbcbae17f4d02a860ff85eb38002ad5a923f49a816be9194dafa5cbe1ef83","/assets/assets/images/asia.jpg":"63f776b432e2b09208eedfd05929475f199c30d6c1df8a138ae2a547554b2b71","/assets/assets/images/australia.jpg":"9f364a561f68d12726ed69ef5b70c4ab430d8476c1820112105c50e914e137f0","/assets/assets/images/background.png":"338ebc248f6d309210de0044f8078f2e1cd6a6e5f705b27b0d34092584dc03a2","/assets/assets/images/cover.jpg":"e82bf9d9a7d4319f344ac73a3cebb70e90be2b2ca5adb746fcaac6d61d1518d8","/assets/assets/images/europe.jpg":"93dec83f32024e3ac0fb079df6706f375eba1d4c58a68b5ea3842f3c6fba1c8b","/assets/assets/images/north_america.jpg":"64f240955d74de524638e2132309472460a526507e4a6f86bc59e25c7f8193c4","/assets/assets/images/photography.jpeg":"3e908e09abb32e27c296e3c5b73cc4c65a2ddbd5af0ce86be181d2e479759bac","/assets/assets/images/south_america.jpg":"63ccf337fbd2b79ae3d961bb3e99f6e15e3e99515ac7637f513e2deef5bf9840","/assets/assets/images/test1.jpeg":"d877463b8bf23314fff4855063dd78e24fbd458156496583b283e03bdd5473d9","/assets/assets/images/test2.jpeg":"b398fbb41b9062b3ab7924b5137939bed0b7262425c48c44fdfd64cef4f37251","/assets/assets/images/test3.jpeg":"165d2c92662dd2639c7468917c1615943fe3e26b6ab499a25d66bf4d8533ecb8","/assets/assets/images/trekking.jpg":"789c18ef8f41dd8d7d44a5a1c53a291dc270dbdef8e22496ae99561ee06b68a7","/assets/fonts/MaterialIcons-Regular.otf":"6c5b450bbaa24bf30f1a1c111fe2be1e9c2cb23dde6fa9ee8b3609e812302aed","/assets/packages/cupertino_icons/assets/CupertinoIcons.ttf":"007720e2ea8128f223e5f1a08073b8f40df49b41dac35727107ab73dc4488ae0","/assets/packages/wakelock_web/assets/no_sleep.js":"a7abe2706ef61650a9ddd24f8d7447c5f5c54bafb459136ec6a3dee68cedbe01","/icons/Icon-192.png":"eaf2464bfb1d192fdd192a616f7b858dee456d573c6ec619648a1dcf2bdddfa6","/icons/Icon-512.png":"9cf4cd298ae95acc1f25e97d88aa3f6bbfdf40867ea0f8a854c4393f49d56e64","/icons/Icon-maskable-192.png":"196ce9142a3442ab37ae90cd46c3389e4660400c859b81cbb0538a51b39752eb","/icons/Icon-maskable-512.png":"6833b7c449e0dd24d5e164a53cc4557e643893e675b476b05efcbb9a6aa05bf0","/version.json":"06bbaf42e8c0bab429ed60ebb0fe843eea62692232a9294fb62e84605c7c22ec","/flutter_service_worker.js":"554dc5537c8d8542f0c3d75e183ecbc0b0433988a0d0298d31d927f3b899ae9f","/assets/AssetManifest.json":"33580d941ff9f2d14d5d50d5b055f75cf2defd1e575f5c9da83359bb1f75aae7","/index.html":"52703626709f25e1e349ac6f68aba7b4bf356ee58dbfc72c4ac4d99d17ba73ca","/assets/FontManifest.json":"638dde6f87e8796f3054f78065f73846fc5e170e081d2501d08e3ceaa300edb5","/assets/NOTICES":"bc9cf306581d21fbd4cabd9436af42132eaad89feec25009cbad4e8fc04297e5"}}
[debug] [2022-08-24T17:18:06.200Z] <<< [apiv2][status] POST https://firebasehosting.googleapis.com/v1beta1/projects/302298169151/sites/flutter-web-app-b0f8d/versions/45d3d9c9d5b3b39a:populateFiles 200
[debug] [2022-08-24T17:18:06.200Z] <<< [apiv2][body] POST https://firebasehosting.googleapis.com/v1beta1/projects/302298169151/sites/flutter-web-app-b0f8d/versions/45d3d9c9d5b3b39a:populateFiles {"uploadRequiredHashes":["554dc5537c8d8542f0c3d75e183ecbc0b0433988a0d0298d31d927f3b899ae9f","52703626709f25e1e349ac6f68aba7b4bf356ee58dbfc72c4ac4d99d17ba73ca"],"uploadUrl":"https://upload-firebasehosting.googleapis.com/upload/sites/flutter-web-app-b0f8d/versions/45d3d9c9d5b3b39a/files"}
[debug] [2022-08-24T17:18:06.202Z] >>> [apiv2][query] POST https://upload-firebasehosting.googleapis.com/upload/sites/flutter-web-app-b0f8d/versions/45d3d9c9d5b3b39a/files/554dc5537c8d8542f0c3d75e183ecbc0b0433988a0d0298d31d927f3b899ae9f [none]
[debug] [2022-08-24T17:18:06.202Z] >>> [apiv2][body] POST https://upload-firebasehosting.googleapis.com/upload/sites/flutter-web-app-b0f8d/versions/45d3d9c9d5b3b39a/files/554dc5537c8d8542f0c3d75e183ecbc0b0433988a0d0298d31d927f3b899ae9f [stream]
[debug] [2022-08-24T17:18:06.207Z] >>> [apiv2][query] POST https://upload-firebasehosting.googleapis.com/upload/sites/flutter-web-app-b0f8d/versions/45d3d9c9d5b3b39a/files/52703626709f25e1e349ac6f68aba7b4bf356ee58dbfc72c4ac4d99d17ba73ca [none]
[debug] [2022-08-24T17:18:06.207Z] >>> [apiv2][body] POST https://upload-firebasehosting.googleapis.com/upload/sites/flutter-web-app-b0f8d/versions/45d3d9c9d5b3b39a/files/52703626709f25e1e349ac6f68aba7b4bf356ee58dbfc72c4ac4d99d17ba73ca [stream]
[debug] [2022-08-24T17:18:06.210Z] [hosting][populate queue][FINAL] {"max":2248,"min":2248,"avg":2248,"active":0,"complete":1,"success":1,"errored":0,"retried":0,"total":1,"elapsed":2256}
[debug] [2022-08-24T17:18:06.210Z] [hosting] uploads queued: 2
[debug] [2022-08-24T17:18:08.541Z] <<< [apiv2][status] POST https://upload-firebasehosting.googleapis.com/upload/sites/flutter-web-app-b0f8d/versions/45d3d9c9d5b3b39a/files/52703626709f25e1e349ac6f68aba7b4bf356ee58dbfc72c4ac4d99d17ba73ca 200
[debug] [2022-08-24T17:18:08.541Z] <<< [apiv2][body] POST https://upload-firebasehosting.googleapis.com/upload/sites/flutter-web-app-b0f8d/versions/45d3d9c9d5b3b39a/files/52703626709f25e1e349ac6f68aba7b4bf356ee58dbfc72c4ac4d99d17ba73ca [stream]
[debug] [2022-08-24T17:18:08.560Z] <<< [apiv2][status] POST https://upload-firebasehosting.googleapis.com/upload/sites/flutter-web-app-b0f8d/versions/45d3d9c9d5b3b39a/files/554dc5537c8d8542f0c3d75e183ecbc0b0433988a0d0298d31d927f3b899ae9f 200
[debug] [2022-08-24T17:18:08.560Z] <<< [apiv2][body] POST https://upload-firebasehosting.googleapis.com/upload/sites/flutter-web-app-b0f8d/versions/45d3d9c9d5b3b39a/files/554dc5537c8d8542f0c3d75e183ecbc0b0433988a0d0298d31d927f3b899ae9f [stream]
[debug] [2022-08-24T17:18:08.560Z] [hosting][upload queue][FINAL] {"max":2359,"min":2339,"avg":2349,"active":0,"complete":2,"success":2,"errored":0,"retried":0,"total":2,"elapsed":2359}
[info] +  hosting[flutter-web-app-b0f8d]: file upload complete 
[debug] [2022-08-24T17:18:08.563Z] [hosting] deploy completed after 4730ms
[debug] [2022-08-24T17:18:08.569Z] [
  {
    "config": {
      "public": "build/web",
      "ignore": [
        "firebase.json",
        "**/.*",
        "**/node_modules/**"
      ],
      "rewrites": [
        {
          "source": "**",
          "destination": "/index.html"
        }
      ],
      "site": "flutter-web-app-b0f8d"
    },
    "site": "flutter-web-app-b0f8d",
    "version": "projects/302298169151/sites/flutter-web-app-b0f8d/versions/45d3d9c9d5b3b39a"
  }
]
[info] i  hosting[flutter-web-app-b0f8d]: finalizing version... 
[debug] [2022-08-24T17:18:08.578Z] >>> [apiv2][query] PATCH https://firebasehosting.googleapis.com/v1beta1/projects/302298169151/sites/flutter-web-app-b0f8d/versions/45d3d9c9d5b3b39a updateMask=status%2Cconfig
[debug] [2022-08-24T17:18:08.578Z] >>> [apiv2][body] PATCH https://firebasehosting.googleapis.com/v1beta1/projects/302298169151/sites/flutter-web-app-b0f8d/versions/45d3d9c9d5b3b39a {"status":"FINALIZED","config":{"rewrites":[{"glob":"**","path":"/index.html"}]}}
[debug] [2022-08-24T17:18:10.621Z] <<< [apiv2][status] PATCH https://firebasehosting.googleapis.com/v1beta1/projects/302298169151/sites/flutter-web-app-b0f8d/versions/45d3d9c9d5b3b39a 200
[debug] [2022-08-24T17:18:10.621Z] <<< [apiv2][body] PATCH https://firebasehosting.googleapis.com/v1beta1/projects/302298169151/sites/flutter-web-app-b0f8d/versions/45d3d9c9d5b3b39a {"name":"projects/302298169151/sites/flutter-web-app-b0f8d/versions/45d3d9c9d5b3b39a","status":"FINALIZED","config":{"rewrites":[{"glob":"**","path":"/index.html"}]},"labels":{"deployment-tool":"cli-firebase"},"createTime":"2022-08-24T17:18:03.184436Z","createUser":{"email":"SK.Clevers@gmail.com"},"finalizeTime":"2022-08-24T17:18:10.189565Z","finalizeUser":{"email":"SK.Clevers@gmail.com"}}
[debug] [2022-08-24T17:18:10.622Z] [hosting] finalized version for flutter-web-app-b0f8d:[object Object]
[info] +  hosting[flutter-web-app-b0f8d]: version finalized 
[info] i  hosting[flutter-web-app-b0f8d]: releasing new version... 
[debug] [2022-08-24T17:18:10.624Z] >>> [apiv2][query] POST https://firebasehosting.googleapis.com/v1beta1/projects/302298169151/sites/flutter-web-app-b0f8d/releases versionName=projects%2F302298169151%2Fsites%2Fflutter-web-app-b0f8d%2Fversions%2F45d3d9c9d5b3b39a
[debug] [2022-08-24T17:18:10.625Z] >>> [apiv2][body] POST https://firebasehosting.googleapis.com/v1beta1/projects/302298169151/sites/flutter-web-app-b0f8d/releases {"message":null}
[debug] [2022-08-24T17:18:12.705Z] <<< [apiv2][status] POST https://firebasehosting.googleapis.com/v1beta1/projects/302298169151/sites/flutter-web-app-b0f8d/releases 200
[debug] [2022-08-24T17:18:12.707Z] <<< [apiv2][body] POST https://firebasehosting.googleapis.com/v1beta1/projects/302298169151/sites/flutter-web-app-b0f8d/releases {"name":"projects/302298169151/sites/flutter-web-app-b0f8d/releases/1661361491658721","version":{"name":"projects/302298169151/sites/flutter-web-app-b0f8d/versions/45d3d9c9d5b3b39a","status":"FINALIZED","config":{"rewrites":[{"glob":"**","path":"/index.html"}]},"labels":{"deployment-tool":"cli-firebase"},"createTime":"2022-08-24T17:18:03.184436Z","createUser":{"email":"SK.Clevers@gmail.com","imageUrl":"https://lh3.googleusercontent.com/a-/AFdZucqS2hDo7Qryk2FyrwJO3m-71pIJEciO6ounj4PXUA"},"finalizeTime":"2022-08-24T17:18:10.189565Z","finalizeUser":{"email":"SK.Clevers@gmail.com","imageUrl":"https://lh3.googleusercontent.com/a-/AFdZucqS2hDo7Qryk2FyrwJO3m-71pIJEciO6ounj4PXUA"}},"type":"DEPLOY","releaseTime":"2022-08-24T17:18:11.658721550Z","releaseUser":{"email":"SK.Clevers@gmail.com","imageUrl":"https://lh3.googleusercontent.com/a-/AFdZucqS2hDo7Qryk2FyrwJO3m-71pIJEciO6ounj4PXUA"}}
[debug] [2022-08-24T17:18:12.708Z] [hosting] release: {"name":"projects/302298169151/sites/flutter-web-app-b0f8d/releases/1661361491658721","version":{"name":"projects/302298169151/sites/flutter-web-app-b0f8d/versions/45d3d9c9d5b3b39a","status":"FINALIZED","config":{"rewrites":[{"glob":"**","path":"/index.html"}]},"labels":{"deployment-tool":"cli-firebase"},"createTime":"2022-08-24T17:18:03.184436Z","createUser":{"email":"SK.Clevers@gmail.com","imageUrl":"https://lh3.googleusercontent.com/a-/AFdZucqS2hDo7Qryk2FyrwJO3m-71pIJEciO6ounj4PXUA"},"finalizeTime":"2022-08-24T17:18:10.189565Z","finalizeUser":{"email":"SK.Clevers@gmail.com","imageUrl":"https://lh3.googleusercontent.com/a-/AFdZucqS2hDo7Qryk2FyrwJO3m-71pIJEciO6ounj4PXUA"}},"type":"DEPLOY","releaseTime":"2022-08-24T17:18:11.658721550Z","releaseUser":{"email":"SK.Clevers@gmail.com","imageUrl":"https://lh3.googleusercontent.com/a-/AFdZucqS2hDo7Qryk2FyrwJO3m-71pIJEciO6ounj4PXUA"}}
[info] +  hosting[flutter-web-app-b0f8d]: release complete 
[info] 
[info] +  Deploy complete! 
[info] 
[info] Project Console: https://console.firebase.google.com/project/flutter-web-app-b0f8d/overview
[info] Hosting URL: https://flutter-web-app-b0f8d.web.app
[debug] [2022-08-24T17:18:29.799Z] Error: Timed out.
    at Timeout._onTimeout (C:\Users\silvester\AppData\Roaming\npm\node_modules\firebase-tools\lib\utils.js:253:49)
    at listOnTimeout (node:internal/timers:559:17)
    at processTimers (node:internal/timers:502:7)
[error] 
[error] Error: An unexpected error has occurred.
